2023/09/26 16:33:00 [notice] 1#1: using the "epoll" event method
2023/09/26 16:33:00 [notice] 1#1: nginx/1.25.2
2023/09/26 16:33:00 [notice] 1#1: built by gcc 12.2.1 20220924 (Alpine 12.2.1_git20220924-r10) 
2023/09/26 16:33:00 [notice] 1#1: OS: Linux 5.10.16.3-microsoft-standard-WSL2
2023/09/26 16:33:00 [notice] 1#1: getrlimit(RLIMIT_NOFILE): 1048576:1048576
2023/09/26 16:33:00 [notice] 1#1: start worker processes
2023/09/26 16:33:00 [notice] 1#1: start worker process 29
2023/09/26 16:33:00 [notice] 1#1: start worker process 30
2023/09/26 16:33:00 [notice] 1#1: start worker process 31
2023/09/26 16:33:00 [notice] 1#1: start worker process 32
2023/09/26 16:33:00 [notice] 1#1: start worker process 33
2023/09/26 16:33:00 [notice] 1#1: start worker process 34
2023/09/26 16:33:00 [notice] 1#1: start worker process 35
2023/09/26 16:33:00 [notice] 1#1: start worker process 36
2023/09/26 19:20:03 [error] 29#29: *1 directory index of "/var/www/html/" is forbidden, client: 172.27.0.1, server: , request: "GET / HTTP/1.1", host: "localhost"
2023/09/26 19:20:04 [error] 29#29: *1 directory index of "/var/www/html/" is forbidden, client: 172.27.0.1, server: , request: "GET / HTTP/1.1", host: "localhost"
2023/09/27 19:56:15 [error] 31#31: *3 directory index of "/var/www/html/" is forbidden, client: 172.27.0.1, server: , request: "GET / HTTP/1.1", host: "localhost"
2023/09/27 19:56:15 [error] 31#31: *3 directory index of "/var/www/html/" is forbidden, client: 172.27.0.1, server: , request: "GET / HTTP/1.1", host: "localhost"
2023/09/27 19:56:15 [error] 31#31: *3 open() "/var/www/html/favicon.ico" failed (2: No such file or directory), client: 172.27.0.1, server: , request: "GET /favicon.ico HTTP/1.1", host: "localhost", referrer: "http://localhost/"
2023/09/27 20:12:12 [notice] 1#1: signal 3 (SIGQUIT) received, shutting down
2023/09/27 20:12:12 [notice] 29#29: gracefully shutting down
2023/09/27 20:12:12 [notice] 31#31: gracefully shutting down
2023/09/27 20:12:12 [notice] 34#34: gracefully shutting down
2023/09/27 20:12:12 [notice] 35#35: gracefully shutting down
2023/09/27 20:12:12 [notice] 29#29: exiting
2023/09/27 20:12:12 [notice] 36#36: gracefully shutting down
2023/09/27 20:12:12 [notice] 33#33: gracefully shutting down
2023/09/27 20:12:12 [notice] 32#32: gracefully shutting down
2023/09/27 20:12:12 [notice] 31#31: exiting
2023/09/27 20:12:12 [notice] 30#30: gracefully shutting down
2023/09/27 20:12:12 [notice] 33#33: exiting
2023/09/27 20:12:12 [notice] 36#36: exiting
2023/09/27 20:12:12 [notice] 29#29: exit
2023/09/27 20:12:12 [notice] 34#34: exiting
2023/09/27 20:12:12 [notice] 31#31: exit
2023/09/27 20:12:12 [notice] 35#35: exiting
2023/09/27 20:12:12 [notice] 33#33: exit
2023/09/27 20:12:12 [notice] 34#34: exit
2023/09/27 20:12:12 [notice] 36#36: exit
2023/09/27 20:12:12 [notice] 32#32: exiting
2023/09/27 20:12:12 [notice] 35#35: exit
2023/09/27 20:12:12 [notice] 32#32: exit
2023/09/27 20:12:12 [notice] 30#30: exiting
2023/09/27 20:12:12 [notice] 30#30: exit
2023/09/27 20:12:12 [notice] 1#1: signal 17 (SIGCHLD) received from 36
2023/09/27 20:12:12 [notice] 1#1: worker process 36 exited with code 0
2023/09/27 20:12:12 [notice] 1#1: signal 29 (SIGIO) received
2023/09/27 20:12:12 [notice] 1#1: signal 17 (SIGCHLD) received from 34
2023/09/27 20:12:12 [notice] 1#1: worker process 34 exited with code 0
2023/09/27 20:12:12 [notice] 1#1: signal 29 (SIGIO) received
2023/09/27 20:12:12 [notice] 1#1: signal 17 (SIGCHLD) received from 33
2023/09/27 20:12:12 [notice] 1#1: worker process 31 exited with code 0
2023/09/27 20:12:12 [notice] 1#1: worker process 33 exited with code 0
2023/09/27 20:12:12 [notice] 1#1: signal 29 (SIGIO) received
2023/09/27 20:12:12 [notice] 1#1: signal 17 (SIGCHLD) received from 31
2023/09/27 20:12:12 [notice] 1#1: signal 17 (SIGCHLD) received from 32
2023/09/27 20:12:12 [notice] 1#1: worker process 32 exited with code 0
2023/09/27 20:12:12 [notice] 1#1: signal 29 (SIGIO) received
2023/09/27 20:12:12 [notice] 1#1: signal 17 (SIGCHLD) received from 35
2023/09/27 20:12:12 [notice] 1#1: worker process 29 exited with code 0
2023/09/27 20:12:12 [notice] 1#1: worker process 30 exited with code 0
2023/09/27 20:12:12 [notice] 1#1: worker process 35 exited with code 0
2023/09/27 20:12:12 [notice] 1#1: exit
2023/09/27 20:13:06 [notice] 1#1: using the "epoll" event method
2023/09/27 20:13:06 [notice] 1#1: nginx/1.25.2
2023/09/27 20:13:06 [notice] 1#1: built by gcc 12.2.1 20220924 (Alpine 12.2.1_git20220924-r10) 
2023/09/27 20:13:06 [notice] 1#1: OS: Linux 5.10.16.3-microsoft-standard-WSL2
2023/09/27 20:13:06 [notice] 1#1: getrlimit(RLIMIT_NOFILE): 1048576:1048576
2023/09/27 20:13:06 [notice] 1#1: start worker processes
2023/09/27 20:13:06 [notice] 1#1: start worker process 29
2023/09/27 20:13:06 [notice] 1#1: start worker process 30
2023/09/27 20:13:06 [notice] 1#1: start worker process 31
2023/09/27 20:13:06 [notice] 1#1: start worker process 32
2023/09/27 20:13:06 [notice] 1#1: start worker process 33
2023/09/27 20:13:06 [notice] 1#1: start worker process 34
2023/09/27 20:13:06 [notice] 1#1: start worker process 35
2023/09/27 20:13:06 [notice] 1#1: start worker process 36
2023/09/27 20:24:45 [notice] 1#1: signal 3 (SIGQUIT) received, shutting down
2023/09/27 20:24:45 [notice] 30#30: gracefully shutting down
2023/09/27 20:24:45 [notice] 36#36: gracefully shutting down
2023/09/27 20:24:45 [notice] 29#29: gracefully shutting down
2023/09/27 20:24:45 [notice] 31#31: gracefully shutting down
2023/09/27 20:24:45 [notice] 34#34: gracefully shutting down
2023/09/27 20:24:45 [notice] 35#35: gracefully shutting down
2023/09/27 20:24:45 [notice] 32#32: gracefully shutting down
2023/09/27 20:24:45 [notice] 33#33: gracefully shutting down
2023/09/27 20:24:45 [notice] 30#30: exiting
2023/09/27 20:24:45 [notice] 36#36: exiting
2023/09/27 20:24:45 [notice] 29#29: exiting
2023/09/27 20:24:45 [notice] 31#31: exiting
2023/09/27 20:24:45 [notice] 31#31: exit
2023/09/27 20:24:45 [notice] 34#34: exiting
2023/09/27 20:24:45 [notice] 35#35: exiting
2023/09/27 20:24:45 [notice] 32#32: exiting
2023/09/27 20:24:45 [notice] 33#33: exiting
2023/09/27 20:24:45 [notice] 30#30: exit
2023/09/27 20:24:45 [notice] 36#36: exit
2023/09/27 20:24:45 [notice] 29#29: exit
2023/09/27 20:24:45 [notice] 34#34: exit
2023/09/27 20:24:45 [notice] 35#35: exit
2023/09/27 20:24:45 [notice] 32#32: exit
2023/09/27 20:24:45 [notice] 33#33: exit
2023/09/27 20:24:45 [notice] 1#1: signal 17 (SIGCHLD) received from 35
2023/09/27 20:24:45 [notice] 1#1: worker process 31 exited with code 0
2023/09/27 20:24:45 [notice] 1#1: worker process 35 exited with code 0
2023/09/27 20:24:45 [notice] 1#1: signal 29 (SIGIO) received
2023/09/27 20:24:45 [notice] 1#1: signal 17 (SIGCHLD) received from 30
2023/09/27 20:24:45 [notice] 1#1: worker process 29 exited with code 0
2023/09/27 20:24:45 [notice] 1#1: worker process 30 exited with code 0
2023/09/27 20:24:45 [notice] 1#1: worker process 32 exited with code 0
2023/09/27 20:24:45 [notice] 1#1: worker process 33 exited with code 0
2023/09/27 20:24:45 [notice] 1#1: worker process 34 exited with code 0
2023/09/27 20:24:45 [notice] 1#1: worker process 36 exited with code 0
2023/09/27 20:24:45 [notice] 1#1: exit
2023/09/27 20:34:22 [notice] 1#1: using the "epoll" event method
2023/09/27 20:34:22 [notice] 1#1: nginx/1.25.2
2023/09/27 20:34:22 [notice] 1#1: built by gcc 12.2.1 20220924 (Alpine 12.2.1_git20220924-r10) 
2023/09/27 20:34:22 [notice] 1#1: OS: Linux 5.10.16.3-microsoft-standard-WSL2
2023/09/27 20:34:22 [notice] 1#1: getrlimit(RLIMIT_NOFILE): 1048576:1048576
2023/09/27 20:34:22 [notice] 1#1: start worker processes
2023/09/27 20:34:22 [notice] 1#1: start worker process 29
2023/09/27 20:34:22 [notice] 1#1: start worker process 30
2023/09/27 20:34:22 [notice] 1#1: start worker process 31
2023/09/27 20:34:22 [notice] 1#1: start worker process 32
2023/09/27 20:34:22 [notice] 1#1: start worker process 33
2023/09/27 20:34:22 [notice] 1#1: start worker process 34
2023/09/27 20:34:22 [notice] 1#1: start worker process 35
2023/09/27 20:34:22 [notice] 1#1: start worker process 36
